Arguments: 
  C:\Program Files\nodejs\node.exe C:\Users\Inal_Karov\AppData\Roaming\npm\node_modules\yarn\bin\yarn.js

PATH: 
  C:\Program Files\Git\mingw64\bin;C:\Program Files\Git\usr\bin;C:\Users\Inal_Karov\bin;C:\Python27;C:\Python27\Scripts;C:\ProgramData\Oracle\Java\javapath;C:\WINDOWS\system32;C:\WINDOWS;C:\WINDOWS\System32\Wbem;C:\WINDOWS\System32\WindowsPowerShell\v1.0;C:\Program Files\TortoiseSVN\bin;C:\Program Files\Git\cmd;C:\Program Files (x86)\Skype\Phone;C:\ProgramData\chocolatey\bin;C:\Program Files\nodejs;C:\Program Files\Java\jdk1.8.0_152\bin;C:\Users\Inal_Karov\AppData\Local\Microsoft\WindowsApps;C:\Program Files\Microsoft VS Code\bin;C:\Users\Inal_Karov\AppData\Roaming\npm;C:\Users\Inal_Karov\AppData\Local\now-cli

Yarn version: 
  1.3.2

Node version: 
  9.4.0

Platform: 
  win32 x64

npm manifest: 
  

yarn manifest: 
  No manifest

Lockfile: 
  No lockfile

Trace: 
  SyntaxError: C:\Users\Inal_Karov\site\ikarov\package.json: Unexpected end of JSON input
      at JSON.parse (<anonymous>)
      at C:\Users\Inal_Karov\AppData\Roaming\npm\node_modules\yarn\lib\cli.js:770:59
      at Generator.next (<anonymous>)
      at step (C:\Users\Inal_Karov\AppData\Roaming\npm\node_modules\yarn\lib\cli.js:92:30)
      at C:\Users\Inal_Karov\AppData\Roaming\npm\node_modules\yarn\lib\cli.js:103:13
      at <anonymous>
